<?xml version="1.0" encoding="UTF-8"?>
<!-- Generated by org.testng.reporters.JUnitReportReporter -->
<testsuite hostname="LaptopShrija-O7U36RVR" failures="0" tests="2" name="frameworkcheck.ExcelCheck" time="0.004" errors="0" timestamp="2023-11-02T14:36:21 IST" skipped="0">
  <testcase classname="frameworkcheck.ExcelCheck" name="read" time="0.002"/>
  <system-out/>
  <testcase classname="frameworkcheck.ExcelCheck" name="read" time="0.002"/>
  <system-out/>
</testsuite> <!-- frameworkcheck.ExcelCheck -->
