<?xml version="1.0" encoding="UTF-8"?>
<!-- Generated by org.testng.reporters.JUnitReportReporter -->
<testsuite hostname="LaptopShrija-O7U36RVR" failures="0" tests="1" name="login.DWS_Register_02_Test" time="1.752" errors="0" timestamp="2023-11-03T15:26:47 IST" skipped="0">
  <testcase classname="login.DWS_Register_02_Test" name="Register_to_the_application_with_Valid_details" time="1.752"/>
  <system-out/>
</testsuite> <!-- login.DWS_Register_02_Test -->
