<?xml version="1.0" encoding="UTF-8"?>
<!-- Generated by org.testng.reporters.JUnitReportReporter -->
<testsuite hostname="LaptopShrija-O7U36RVR" failures="0" tests="1" name="jewelry.DWS_Jewelry_08_Test" time="3.691" errors="0" timestamp="2023-11-03T13:54:31 IST" skipped="0">
  <testcase classname="jewelry.DWS_Jewelry_08_Test" name="Email_a_friend_and_check_the_error_message" time="3.691"/>
  <system-out/>
</testsuite> <!-- jewelry.DWS_Jewelry_08_Test -->
