<?xml version="1.0" encoding="UTF-8"?>
<!-- Generated by org.testng.reporters.JUnitReportReporter -->
<testsuite hostname="LaptopShrija-O7U36RVR" failures="0" tests="1" name="login.DWS_Features_Products_03_Test" time="4.197" errors="0" timestamp="2023-11-04T14:25:24 IST" skipped="0">
  <testcase classname="login.DWS_Features_Products_03_Test" name="Add_product_to_cart_and_check_in_cart" time="4.197"/>
  <system-out/>
</testsuite> <!-- login.DWS_Features_Products_03_Test -->
