<?xml version="1.0" encoding="UTF-8"?>
<!-- Generated by org.testng.reporters.JUnitReportReporter -->
<testsuite hostname="LaptopShrija-O7U36RVR" failures="0" tests="1" name="books.DWS_Books_04_Test" time="2.662" errors="0" timestamp="2023-11-03T13:43:14 IST" skipped="0">
  <testcase classname="books.DWS_Books_04_Test" name="Add_a_book_to_the_cart" time="2.662"/>
  <system-out/>
</testsuite> <!-- books.DWS_Books_04_Test -->
