<?xml version="1.0" encoding="UTF-8"?>
<!-- Generated by org.testng.reporters.JUnitReportReporter -->
<testsuite hostname="LaptopShrija-O7U36RVR" failures="0" tests="1" name="jewelry.DWS_Jewelry_10_Test" time="5.176" errors="0" timestamp="2023-11-03T13:56:10 IST" skipped="0">
  <testcase classname="jewelry.DWS_Jewelry_10_Test" name="Add_product_to_wishlist_and_remove_from_wishlist" time="5.176"/>
  <system-out/>
</testsuite> <!-- jewelry.DWS_Jewelry_10_Test -->
