<?xml version="1.0" encoding="UTF-8"?>
<!-- Generated by org.testng.reporters.JUnitReportReporter -->
<testsuite hostname="LaptopShrija-O7U36RVR" failures="0" tests="1" name="jewelry.DWS_Jewelry_09_Test" time="3.448" errors="0" timestamp="2023-11-03T13:55:28 IST" skipped="0">
  <testcase classname="jewelry.DWS_Jewelry_09_Test" name="Add_product_to_wishlist_and_check_it_is_added" time="3.448"/>
  <system-out/>
</testsuite> <!-- jewelry.DWS_Jewelry_09_Test -->
