<?xml version="1.0" encoding="UTF-8"?>
<!-- Generated by org.testng.reporters.JUnitReportReporter -->
<testsuite hostname="LaptopShrija-O7U36RVR" failures="0" tests="1" name="computers.DWS_DeskTop_05_Test" time="5.572" errors="0" timestamp="2023-11-03T13:43:54 IST" skipped="0">
  <testcase classname="computers.DWS_DeskTop_05_Test" name="Add_two_product_to_compare_and_check" time="5.572"/>
  <system-out/>
</testsuite> <!-- computers.DWS_DeskTop_05_Test -->
