<?xml version="1.0" encoding="UTF-8"?>
<!-- Generated by org.testng.reporters.JUnitReportReporter -->
<testsuite hostname="LaptopShrija-O7U36RVR" failures="0" tests="1" name="jewelry.DWS_Jewelry_07_Test" time="1.830" errors="0" timestamp="2023-11-03T13:54:01 IST" skipped="0">
  <testcase classname="jewelry.DWS_Jewelry_07_Test" name="Filter_the_products_and_check_that_accordingly" time="1.830"/>
  <system-out/>
</testsuite> <!-- jewelry.DWS_Jewelry_07_Test -->
