<?xml version="1.0" encoding="UTF-8"?>
<!-- Generated by org.testng.reporters.JUnitReportReporter -->
<testsuite hostname="LaptopShrija-O7U36RVR" failures="0" tests="1" name="computers.DWS_DeskTop_06_Test" time="6.674" errors="0" timestamp="2023-11-03T13:53:31 IST" skipped="0">
  <testcase classname="computers.DWS_DeskTop_06_Test" name="Add_product_to_compare_and_remove_them" time="6.674"/>
  <system-out/>
</testsuite> <!-- computers.DWS_DeskTop_06_Test -->
